<?xml version="1.0" encoding="UTF-8"?>
<testsuite xmlns:xsi="http://www.w3.org/2001/XMLSchema-instance" xsi:noNamespaceSchemaLocation="https://maven.apache.org/surefire/maven-surefire-plugin/xsd/surefire-test-report.xsd" name="compiladores.t4.AppTest" time="0.058" tests="1" errors="0" skipped="0" failures="0">
  <properties>
    <property name="sun.desktop" value="gnome"/>
    <property name="awt.toolkit" value="sun.awt.X11.XToolkit"/>
    <property name="file.encoding.pkg" value="sun.io"/>
    <property name="java.specification.version" value="1.8"/>
    <property name="sun.cpu.isalist" value=""/>
    <property name="sun.jnu.encoding" value="UTF-8"/>
    <property name="java.class.path" value="/home/lucas/Documentos/T4-compiladores/target/test-classes:/home/lucas/Documentos/T4-compiladores/target/classes:/home/lucas/.m2/repository/junit/junit/4.11/junit-4.11.jar:/home/lucas/.m2/repository/org/hamcrest/hamcrest-core/1.3/hamcrest-core-1.3.jar:/home/lucas/.m2/repository/org/antlr/antlr4/4.7.2/antlr4-4.7.2-complete.jar:/home/lucas/.m2/repository/org/antlr/antlr4-runtime/4.7.2/antlr4-runtime-4.7.2.jar:/home/lucas/.m2/repository/org/antlr/antlr-runtime/3.5.2/antlr-runtime-3.5.2.jar:/home/lucas/.m2/repository/org/antlr/ST4/4.1/ST4-4.1.jar:/home/lucas/.m2/repository/org/abego/treelayout/org.abego.treelayout.core/1.0.3/org.abego.treelayout.core-1.0.3.jar:/home/lucas/.m2/repository/org/glassfish/javax.json/1.0.4/javax.json-1.0.4.jar:/home/lucas/.m2/repository/com/ibm/icu/icu4j/61.1/icu4j-61.1.jar:"/>
    <property name="java.vm.vendor" value="AdoptOpenJDK"/>
    <property name="sun.arch.data.model" value="64"/>
    <property name="java.vendor.url" value="https://adoptopenjdk.net/"/>
    <property name="user.timezone" value=""/>
    <property name="java.vm.specification.version" value="1.8"/>
    <property name="os.name" value="Linux"/>
    <property name="user.country" value="BR"/>
    <property name="sun.java.launcher" value="SUN_STANDARD"/>
    <property name="sun.boot.library.path" value="/home/lucas/Downloads/jdk8u282-b08/jre/lib/amd64"/>
    <property name="sun.java.command" value="/home/lucas/Documentos/T4-compiladores/target/surefire/surefirebooter6958439822732594610.jar /home/lucas/Documentos/T4-compiladores/target/surefire 2022-08-13T13-55-32_062-jvmRun1 surefire7331189448155788122tmp surefire_05241459401170592731tmp"/>
    <property name="surefire.test.class.path" value="/home/lucas/Documentos/T4-compiladores/target/test-classes:/home/lucas/Documentos/T4-compiladores/target/classes:/home/lucas/.m2/repository/junit/junit/4.11/junit-4.11.jar:/home/lucas/.m2/repository/org/hamcrest/hamcrest-core/1.3/hamcrest-core-1.3.jar:/home/lucas/.m2/repository/org/antlr/antlr4/4.7.2/antlr4-4.7.2-complete.jar:/home/lucas/.m2/repository/org/antlr/antlr4-runtime/4.7.2/antlr4-runtime-4.7.2.jar:/home/lucas/.m2/repository/org/antlr/antlr-runtime/3.5.2/antlr-runtime-3.5.2.jar:/home/lucas/.m2/repository/org/antlr/ST4/4.1/ST4-4.1.jar:/home/lucas/.m2/repository/org/abego/treelayout/org.abego.treelayout.core/1.0.3/org.abego.treelayout.core-1.0.3.jar:/home/lucas/.m2/repository/org/glassfish/javax.json/1.0.4/javax.json-1.0.4.jar:/home/lucas/.m2/repository/com/ibm/icu/icu4j/61.1/icu4j-61.1.jar:"/>
    <property name="sun.cpu.endian" value="little"/>
    <property name="user.home" value="/home/lucas"/>
    <property name="user.language" value="pt"/>
    <property name="java.specification.vendor" value="Oracle Corporation"/>
    <property name="java.home" value="/home/lucas/Downloads/jdk8u282-b08/jre"/>
    <property name="basedir" value="/home/lucas/Documentos/T4-compiladores"/>
    <property name="file.separator" value="/"/>
    <property name="line.separator" value="&#10;"/>
    <property name="java.vm.specification.vendor" value="Oracle Corporation"/>
    <property name="java.specification.name" value="Java Platform API Specification"/>
    <property name="java.awt.graphicsenv" value="sun.awt.X11GraphicsEnvironment"/>
    <property name="surefire.real.class.path" value="/home/lucas/Documentos/T4-compiladores/target/surefire/surefirebooter6958439822732594610.jar"/>
    <property name="sun.boot.class.path" value="/home/lucas/Downloads/jdk8u282-b08/jre/lib/resources.jar:/home/lucas/Downloads/jdk8u282-b08/jre/lib/rt.jar:/home/lucas/Downloads/jdk8u282-b08/jre/lib/sunrsasign.jar:/home/lucas/Downloads/jdk8u282-b08/jre/lib/jsse.jar:/home/lucas/Downloads/jdk8u282-b08/jre/lib/jce.jar:/home/lucas/Downloads/jdk8u282-b08/jre/lib/charsets.jar:/home/lucas/Downloads/jdk8u282-b08/jre/lib/jfr.jar:/home/lucas/Downloads/jdk8u282-b08/jre/classes"/>
    <property name="sun.management.compiler" value="HotSpot 64-Bit Tiered Compilers"/>
    <property name="java.runtime.version" value="1.8.0_282-b08"/>
    <property name="user.name" value="lucas"/>
    <property name="path.separator" value=":"/>
    <property name="os.version" value="5.15.0-43-generic"/>
    <property name="java.endorsed.dirs" value="/home/lucas/Downloads/jdk8u282-b08/jre/lib/endorsed"/>
    <property name="java.runtime.name" value="OpenJDK Runtime Environment"/>
    <property name="file.encoding" value="UTF-8"/>
    <property name="java.vm.name" value="OpenJDK 64-Bit Server VM"/>
    <property name="localRepository" value="/home/lucas/.m2/repository"/>
    <property name="java.vendor.url.bug" value="https://github.com/AdoptOpenJDK/openjdk-support/issues"/>
    <property name="java.io.tmpdir" value="/tmp"/>
    <property name="java.version" value="1.8.0_282"/>
    <property name="user.dir" value="/home/lucas/Documentos/T4-compiladores"/>
    <property name="os.arch" value="amd64"/>
    <property name="java.vm.specification.name" value="Java Virtual Machine Specification"/>
    <property name="java.awt.printerjob" value="sun.print.PSPrinterJob"/>
    <property name="sun.os.patch.level" value="unknown"/>
    <property name="java.library.path" value="/opt/oracle/product/18c/dbhomeXE/lib:/opt/oracle/product/18c/dbhomeXE/lib::/usr/java/packages/lib/amd64:/usr/lib64:/lib64:/lib:/usr/lib"/>
    <property name="java.vm.info" value="mixed mode"/>
    <property name="java.vendor" value="AdoptOpenJDK"/>
    <property name="java.vm.version" value="25.282-b08"/>
    <property name="java.ext.dirs" value="/home/lucas/Downloads/jdk8u282-b08/jre/lib/ext:/usr/java/packages/lib/ext"/>
    <property name="sun.io.unicode.encoding" value="UnicodeLittle"/>
    <property name="java.class.version" value="52.0"/>
  </properties>
  <testcase name="shouldAnswerWithTrue" classname="compiladores.t4.AppTest" time="0.002"/>
</testsuite>